2019-06-01 16:01:28,679 Entering: send_message
2019-06-01 16:01:28,702 Starting new HTTPS connection (1): api.telegram.org
2019-06-01 16:01:28,957 https://api.telegram.org:443 "POST /bot784740300:AAHVLFYyfhEhqC-mcxP3p12rEH7xcqOiM7w/sendMessage HTTP/1.1" 200 392
2019-06-01 16:01:28,977 {'message_id': 2729, 'date': 1559401288, 'chat': {'id': 561886352, 'type': 'private', 'first_name': 'Artur', 'last_name': 'F. Da Rocha'}, 'text': 'https://www.citylab.com/newsletter-editions/2019/05/navigator-racing-against-time/590713/', 'entities': [{'type': 'url', 'offset': 0, 'length': 89}], 'caption_entities': [], 'photo': [], 'new_chat_members': [], 'new_chat_photo': [], 'delete_chat_photo': False, 'group_chat_created': False, 'supergroup_chat_created': False, 'channel_chat_created': False, 'from': {'id': 784740300, 'first_name': 'city4us_news', 'is_bot': True, 'username': 'city4us_news_bot'}}
2019-06-01 16:01:28,979 Exiting: send_message
2019-06-01 16:01:29,987 Entering: send_message
2019-06-01 16:01:30,132 https://api.telegram.org:443 "POST /bot784740300:AAHVLFYyfhEhqC-mcxP3p12rEH7xcqOiM7w/sendMessage HTTP/1.1" 200 388
2019-06-01 16:01:30,138 {'message_id': 2730, 'date': 1559401290, 'chat': {'id': 735701853, 'type': 'private', 'first_name': 'Luciana', 'last_name': 'Pures'}, 'text': 'https://www.citylab.com/newsletter-editions/2019/05/navigator-racing-against-time/590713/', 'entities': [{'type': 'url', 'offset': 0, 'length': 89}], 'caption_entities': [], 'photo': [], 'new_chat_members': [], 'new_chat_photo': [], 'delete_chat_photo': False, 'group_chat_created': False, 'supergroup_chat_created': False, 'channel_chat_created': False, 'from': {'id': 784740300, 'first_name': 'city4us_news', 'is_bot': True, 'username': 'city4us_news_bot'}}
2019-06-01 16:01:30,145 Exiting: send_message
2019-06-01 16:01:31,155 Entering: send_message
2019-06-01 16:01:31,237 https://api.telegram.org:443 "POST /bot784740300:AAHVLFYyfhEhqC-mcxP3p12rEH7xcqOiM7w/sendMessage HTTP/1.1" 200 406
2019-06-01 16:01:31,243 {'message_id': 2731, 'date': 1559401291, 'chat': {'id': 561886352, 'type': 'private', 'first_name': 'Artur', 'last_name': 'F. Da Rocha'}, 'text': 'https://www.citylab.com/newsletter-editions/2019/05/citylab-daily-moving-isnt-just-about-money/590776/', 'entities': [{'type': 'url', 'offset': 0, 'length': 102}], 'caption_entities': [], 'photo': [], 'new_chat_members': [], 'new_chat_photo': [], 'delete_chat_photo': False, 'group_chat_created': False, 'supergroup_chat_created': False, 'channel_chat_created': False, 'from': {'id': 784740300, 'first_name': 'city4us_news', 'is_bot': True, 'username': 'city4us_news_bot'}}
2019-06-01 16:01:31,249 Exiting: send_message
2019-06-01 16:01:32,259 Entering: send_message
2019-06-01 16:01:32,448 https://api.telegram.org:443 "POST /bot784740300:AAHVLFYyfhEhqC-mcxP3p12rEH7xcqOiM7w/sendMessage HTTP/1.1" 200 402
2019-06-01 16:01:32,449 {'message_id': 2732, 'date': 1559401292, 'chat': {'id': 735701853, 'type': 'private', 'first_name': 'Luciana', 'last_name': 'Pures'}, 'text': 'https://www.citylab.com/newsletter-editions/2019/05/citylab-daily-moving-isnt-just-about-money/590776/', 'entities': [{'type': 'url', 'offset': 0, 'length': 102}], 'caption_entities': [], 'photo': [], 'new_chat_members': [], 'new_chat_photo': [], 'delete_chat_photo': False, 'group_chat_created': False, 'supergroup_chat_created': False, 'channel_chat_created': False, 'from': {'id': 784740300, 'first_name': 'city4us_news', 'is_bot': True, 'username': 'city4us_news_bot'}}
2019-06-01 16:01:32,450 Exiting: send_message
2019-06-01 16:01:33,454 Entering: send_message
2019-06-01 16:01:33,531 https://api.telegram.org:443 "POST /bot784740300:AAHVLFYyfhEhqC-mcxP3p12rEH7xcqOiM7w/sendMessage HTTP/1.1" 200 395
2019-06-01 16:01:33,532 {'message_id': 2733, 'date': 1559401293, 'chat': {'id': 561886352, 'type': 'private', 'first_name': 'Artur', 'last_name': 'F. Da Rocha'}, 'text': 'https://www.citylab.com/life/2019/05/chinese-tourism-trump-trade-war-economic-impact/590530/', 'entities': [{'type': 'url', 'offset': 0, 'length': 92}], 'caption_entities': [], 'photo': [], 'new_chat_members': [], 'new_chat_photo': [], 'delete_chat_photo': False, 'group_chat_created': False, 'supergroup_chat_created': False, 'channel_chat_created': False, 'from': {'id': 784740300, 'first_name': 'city4us_news', 'is_bot': True, 'username': 'city4us_news_bot'}}
2019-06-01 16:01:33,538 Exiting: send_message
2019-06-01 16:01:34,551 Entering: send_message
2019-06-01 16:01:34,669 https://api.telegram.org:443 "POST /bot784740300:AAHVLFYyfhEhqC-mcxP3p12rEH7xcqOiM7w/sendMessage HTTP/1.1" 200 391
2019-06-01 16:01:34,669 {'message_id': 2734, 'date': 1559401294, 'chat': {'id': 735701853, 'type': 'private', 'first_name': 'Luciana', 'last_name': 'Pures'}, 'text': 'https://www.citylab.com/life/2019/05/chinese-tourism-trump-trade-war-economic-impact/590530/', 'entities': [{'type': 'url', 'offset': 0, 'length': 92}], 'caption_entities': [], 'photo': [], 'new_chat_members': [], 'new_chat_photo': [], 'delete_chat_photo': False, 'group_chat_created': False, 'supergroup_chat_created': False, 'channel_chat_created': False, 'from': {'id': 784740300, 'first_name': 'city4us_news', 'is_bot': True, 'username': 'city4us_news_bot'}}
2019-06-01 16:01:34,670 Exiting: send_message
2019-06-01 16:01:35,686 Entering: send_message
2019-06-01 16:01:35,782 https://api.telegram.org:443 "POST /bot784740300:AAHVLFYyfhEhqC-mcxP3p12rEH7xcqOiM7w/sendMessage HTTP/1.1" 200 397
2019-06-01 16:01:35,789 {'message_id': 2735, 'date': 1559401295, 'chat': {'id': 561886352, 'type': 'private', 'first_name': 'Artur', 'last_name': 'F. Da Rocha'}, 'text': 'https://www.citylab.com/perspective/2019/05/modis-new-challenge-embracing-urbanization/590761/', 'entities': [{'type': 'url', 'offset': 0, 'length': 94}], 'caption_entities': [], 'photo': [], 'new_chat_members': [], 'new_chat_photo': [], 'delete_chat_photo': False, 'group_chat_created': False, 'supergroup_chat_created': False, 'channel_chat_created': False, 'from': {'id': 784740300, 'first_name': 'city4us_news', 'is_bot': True, 'username': 'city4us_news_bot'}}
2019-06-01 16:01:35,789 Exiting: send_message
2019-06-01 16:01:36,803 Entering: send_message
2019-06-01 16:01:36,933 https://api.telegram.org:443 "POST /bot784740300:AAHVLFYyfhEhqC-mcxP3p12rEH7xcqOiM7w/sendMessage HTTP/1.1" 200 393
2019-06-01 16:01:36,942 {'message_id': 2736, 'date': 1559401296, 'chat': {'id': 735701853, 'type': 'private', 'first_name': 'Luciana', 'last_name': 'Pures'}, 'text': 'https://www.citylab.com/perspective/2019/05/modis-new-challenge-embracing-urbanization/590761/', 'entities': [{'type': 'url', 'offset': 0, 'length': 94}], 'caption_entities': [], 'photo': [], 'new_chat_members': [], 'new_chat_photo': [], 'delete_chat_photo': False, 'group_chat_created': False, 'supergroup_chat_created': False, 'channel_chat_created': False, 'from': {'id': 784740300, 'first_name': 'city4us_news', 'is_bot': True, 'username': 'city4us_news_bot'}}
2019-06-01 16:01:36,952 Exiting: send_message
2019-06-01 16:01:37,970 Entering: send_message
2019-06-01 16:01:38,055 https://api.telegram.org:443 "POST /bot784740300:AAHVLFYyfhEhqC-mcxP3p12rEH7xcqOiM7w/sendMessage HTTP/1.1" 200 404
2019-06-01 16:01:38,068 {'message_id': 2737, 'date': 1559401298, 'chat': {'id': 561886352, 'type': 'private', 'first_name': 'Artur', 'last_name': 'F. Da Rocha'}, 'text': 'https://www.citylab.com/design/2019/05/historic-places-endangered-building-list-preservation/590533/', 'entities': [{'type': 'url', 'offset': 0, 'length': 100}], 'caption_entities': [], 'photo': [], 'new_chat_members': [], 'new_chat_photo': [], 'delete_chat_photo': False, 'group_chat_created': False, 'supergroup_chat_created': False, 'channel_chat_created': False, 'from': {'id': 784740300, 'first_name': 'city4us_news', 'is_bot': True, 'username': 'city4us_news_bot'}}
2019-06-01 16:01:38,068 Exiting: send_message
2019-06-01 16:01:39,082 Entering: send_message
2019-06-01 16:01:39,207 https://api.telegram.org:443 "POST /bot784740300:AAHVLFYyfhEhqC-mcxP3p12rEH7xcqOiM7w/sendMessage HTTP/1.1" 200 400
2019-06-01 16:01:39,214 {'message_id': 2738, 'date': 1559401299, 'chat': {'id': 735701853, 'type': 'private', 'first_name': 'Luciana', 'last_name': 'Pures'}, 'text': 'https://www.citylab.com/design/2019/05/historic-places-endangered-building-list-preservation/590533/', 'entities': [{'type': 'url', 'offset': 0, 'length': 100}], 'caption_entities': [], 'photo': [], 'new_chat_members': [], 'new_chat_photo': [], 'delete_chat_photo': False, 'group_chat_created': False, 'supergroup_chat_created': False, 'channel_chat_created': False, 'from': {'id': 784740300, 'first_name': 'city4us_news', 'is_bot': True, 'username': 'city4us_news_bot'}}
2019-06-01 16:01:39,214 Exiting: send_message
2019-06-01 16:01:40,224 Entering: send_message
2019-06-01 16:01:40,337 https://api.telegram.org:443 "POST /bot784740300:AAHVLFYyfhEhqC-mcxP3p12rEH7xcqOiM7w/sendMessage HTTP/1.1" 200 389
2019-06-01 16:01:40,337 {'message_id': 2739, 'date': 1559401300, 'chat': {'id': 561886352, 'type': 'private', 'first_name': 'Artur', 'last_name': 'F. Da Rocha'}, 'text': 'https://www.citylab.com/transportation/2019/05/why-are-metro-stations-so-windy/590824/', 'entities': [{'type': 'url', 'offset': 0, 'length': 86}], 'caption_entities': [], 'photo': [], 'new_chat_members': [], 'new_chat_photo': [], 'delete_chat_photo': False, 'group_chat_created': False, 'supergroup_chat_created': False, 'channel_chat_created': False, 'from': {'id': 784740300, 'first_name': 'city4us_news', 'is_bot': True, 'username': 'city4us_news_bot'}}
2019-06-01 16:01:40,343 Exiting: send_message
2019-06-01 16:01:41,353 Entering: send_message
2019-06-01 16:01:41,419 https://api.telegram.org:443 "POST /bot784740300:AAHVLFYyfhEhqC-mcxP3p12rEH7xcqOiM7w/sendMessage HTTP/1.1" 200 385
2019-06-01 16:01:41,425 {'message_id': 2740, 'date': 1559401301, 'chat': {'id': 735701853, 'type': 'private', 'first_name': 'Luciana', 'last_name': 'Pures'}, 'text': 'https://www.citylab.com/transportation/2019/05/why-are-metro-stations-so-windy/590824/', 'entities': [{'type': 'url', 'offset': 0, 'length': 86}], 'caption_entities': [], 'photo': [], 'new_chat_members': [], 'new_chat_photo': [], 'delete_chat_photo': False, 'group_chat_created': False, 'supergroup_chat_created': False, 'channel_chat_created': False, 'from': {'id': 784740300, 'first_name': 'city4us_news', 'is_bot': True, 'username': 'city4us_news_bot'}}
2019-06-01 16:01:41,431 Exiting: send_message
2019-06-01 16:01:42,438 Entering: send_message
2019-06-01 16:01:42,496 https://api.telegram.org:443 "POST /bot784740300:AAHVLFYyfhEhqC-mcxP3p12rEH7xcqOiM7w/sendMessage HTTP/1.1" 200 406
2019-06-01 16:01:42,496 {'message_id': 2741, 'date': 1559401302, 'chat': {'id': 561886352, 'type': 'private', 'first_name': 'Artur', 'last_name': 'F. Da Rocha'}, 'text': 'https://www.citylab.com/perspective/2019/05/water-pipes-infrastructure-shrinking-cities-health/590752/', 'entities': [{'type': 'url', 'offset': 0, 'length': 102}], 'caption_entities': [], 'photo': [], 'new_chat_members': [], 'new_chat_photo': [], 'delete_chat_photo': False, 'group_chat_created': False, 'supergroup_chat_created': False, 'channel_chat_created': False, 'from': {'id': 784740300, 'first_name': 'city4us_news', 'is_bot': True, 'username': 'city4us_news_bot'}}
2019-06-01 16:01:42,496 Exiting: send_message
2019-06-01 16:01:43,506 Entering: send_message
2019-06-01 16:01:43,593 https://api.telegram.org:443 "POST /bot784740300:AAHVLFYyfhEhqC-mcxP3p12rEH7xcqOiM7w/sendMessage HTTP/1.1" 200 402
2019-06-01 16:01:43,593 {'message_id': 2742, 'date': 1559401303, 'chat': {'id': 735701853, 'type': 'private', 'first_name': 'Luciana', 'last_name': 'Pures'}, 'text': 'https://www.citylab.com/perspective/2019/05/water-pipes-infrastructure-shrinking-cities-health/590752/', 'entities': [{'type': 'url', 'offset': 0, 'length': 102}], 'caption_entities': [], 'photo': [], 'new_chat_members': [], 'new_chat_photo': [], 'delete_chat_photo': False, 'group_chat_created': False, 'supergroup_chat_created': False, 'channel_chat_created': False, 'from': {'id': 784740300, 'first_name': 'city4us_news', 'is_bot': True, 'username': 'city4us_news_bot'}}
2019-06-01 16:01:43,593 Exiting: send_message
2019-06-01 16:02:54,524 duration = 1.76
